<?xml version="1.0" encoding="UTF-8"?>
<!-- Generated by org.testng.reporters.JUnitReportReporter -->
<testsuite hostname="Mahadev-PC" name="com.bridgelabz.basicsOfSelenium.TestCases" tests="1" failures="0" timestamp="10 Apr 2020 13:23:16 GMT" time="30.944" errors="0">
  <testcase name="test_ListBox" time="30.944" classname="com.bridgelabz.basicsOfSelenium.TestCases"/>
</testsuite> <!-- com.bridgelabz.basicsOfSelenium.TestCases -->
