<?xml version="1.0" encoding="UTF-8"?>
<!-- Generated by org.testng.reporters.JUnitReportReporter -->
<testsuite hostname="Mahadev-PC" name="com.bridgelabz.basicsOfSelenium.screenShot.ScreenShot" tests="1" failures="0" timestamp="2 Apr 2020 12:48:14 GMT" time="31.404" errors="0">
  <testcase name="takeScreenShot" time="31.404" classname="com.bridgelabz.basicsOfSelenium.screenShot.ScreenShot"/>
</testsuite> <!-- com.bridgelabz.basicsOfSelenium.screenShot.ScreenShot -->
