<?xml version="1.0" encoding="UTF-8"?>
<!-- Generated by org.testng.reporters.JUnitReportReporter -->
<testsuite hostname="Mahadev-PC" name="com.bridgelabz.basicsOfSelenium.popUpHandling.FileDownload" tests="1" failures="0" timestamp="8 Apr 2020 10:50:48 GMT" time="21.685" errors="0">
  <testcase name="handlind_FileDownload" time="21.685" classname="com.bridgelabz.basicsOfSelenium.popUpHandling.FileDownload"/>
</testsuite> <!-- com.bridgelabz.basicsOfSelenium.popUpHandling.FileDownload -->
