<?xml version="1.0" encoding="UTF-8"?>
<!-- Generated by org.testng.reporters.JUnitReportReporter -->
<testsuite hostname="Mahadev-PC" name="com.spotisy.apiTesting.TestSpotifyApi" tests="3" failures="0" timestamp="24 Mar 2020 11:33:47 GMT" time="5.669" errors="0">
  <testcase name="testPlaylist" time="1.167" classname="com.spotisy.apiTesting.TestSpotifyApi"/>
  <testcase name="testCurruntUserPlaylist" time="3.005" classname="com.spotisy.apiTesting.TestSpotifyApi"/>
  <testcase name="testTreakOfPlaylist" time="1.497" classname="com.spotisy.apiTesting.TestSpotifyApi"/>
</testsuite> <!-- com.spotisy.apiTesting.TestSpotifyApi -->
