<?xml version="1.0" encoding="UTF-8"?>
<!-- Generated by org.testng.reporters.JUnitReportReporter -->
<testsuite hostname="Mahadev-PC" name="com.apiTesting.spotisy.TestSpotifyApi" tests="1" failures="0" timestamp="25 Mar 2020 09:29:50 GMT" time="3.378" errors="0">
  <testcase name="testUserPlaylist" time="3.378" classname="com.apiTesting.spotisy.TestSpotifyApi"/>
</testsuite> <!-- com.apiTesting.spotisy.TestSpotifyApi -->
