<?xml version="1.0" encoding="UTF-8"?>
<!-- Generated by org.testng.reporters.JUnitReportReporter -->
<testsuite hostname="Mahadev-PC" name="com.bridgelabz.hybridFramwork.FaceBookLoginTest" tests="1" failures="0" timestamp="2 Apr 2020 10:01:25 GMT" time="21.737" errors="0">
  <testcase name="login" time="21.737" classname="com.bridgelabz.hybridFramwork.FaceBookLoginTest"/>
</testsuite> <!-- com.bridgelabz.hybridFramwork.FaceBookLoginTest -->
