<?xml version="1.0" encoding="UTF-8"?>
<!-- Generated by org.testng.reporters.JUnitReportReporter -->
<testsuite hostname="Mahadev-PC" name="com.bridgelabz.hybridFramwork.testcases.FaceBookLoginTest" tests="1" failures="0" timestamp="11 Apr 2020 13:22:03 GMT" time="13.100" errors="0">
  <testcase name="login" time="13.100" classname="com.bridgelabz.hybridFramwork.testcases.FaceBookLoginTest"/>
</testsuite> <!-- com.bridgelabz.hybridFramwork.testcases.FaceBookLoginTest -->
