<?xml version="1.0" encoding="UTF-8"?>
<!-- Generated by org.testng.reporters.JUnitReportReporter -->
<testsuite hostname="Mahadev-PC" name="com.selenium.datadriven.FacebookTest" tests="1" failures="0" timestamp="1 Apr 2020 13:34:30 GMT" time="24.526" errors="0">
  <testcase name="facebookLogin" time="24.526" classname="com.selenium.datadriven.FacebookTest"/>
</testsuite> <!-- com.selenium.datadriven.FacebookTest -->
