<?xml version="1.0" encoding="UTF-8"?>
<!-- Generated by org.testng.reporters.JUnitReportReporter -->
<testsuite hostname="Mahadev-PC" name="com.bridgelabz.testCase.TestPOMFramwork" tests="1" failures="0" timestamp="10 Apr 2020 14:37:04 GMT" time="27.515" errors="0">
  <testcase name="test" time="27.515" classname="com.bridgelabz.testCase.TestPOMFramwork"/>
</testsuite> <!-- com.bridgelabz.testCase.TestPOMFramwork -->
