<?xml version="1.0" encoding="UTF-8"?>
<!-- Generated by org.testng.reporters.JUnitReportReporter -->
<testsuite hostname="Mahadev-PC" name="com.bridgelabz.appium.testcases.CameraTeast" tests="1" failures="0" timestamp="20 Apr 2020 13:42:57 GMT" time="40.033" errors="0">
  <testcase name="test_Camera" time="40.033" classname="com.bridgelabz.appium.testcases.CameraTeast"/>
</testsuite> <!-- com.bridgelabz.appium.testcases.CameraTeast -->
