<?xml version="1.0" encoding="UTF-8"?>
<!-- Generated by org.testng.reporters.JUnitReportReporter -->
<testsuite hostname="Mahadev-PC" name="com.bridgelabz.appium.testcases.CalculatorTest" tests="2" failures="0" timestamp="18 Apr 2020 11:24:11 GMT" time="140.876" errors="0">
  <testcase name="test_Calculator" time="17.204" classname="com.bridgelabz.appium.testcases.CalculatorTest"/>
  <testcase name="test_Calculator2" time="123.672" classname="com.bridgelabz.appium.testcases.CalculatorTest"/>
</testsuite> <!-- com.bridgelabz.appium.testcases.CalculatorTest -->
