<?xml version="1.0" encoding="UTF-8"?>
<!-- Generated by org.testng.reporters.JUnitReportReporter -->
<testsuite hostname="Mahadev-PC" name="com.bridgelabz.selenium.test.TestNewsHeading" tests="1" failures="0" timestamp="21 Jul 2020 11:28:47 GMT" time="1.759" errors="0">
  <testcase name="test_GetNews" time="1.759" classname="com.bridgelabz.selenium.test.TestNewsHeading"/>
</testsuite> <!-- com.bridgelabz.selenium.test.TestNewsHeading -->
